[debug] [2023-03-18T14:07:01.081Z] ----------------------------------------------------------------------
[debug] [2023-03-18T14:07:01.083Z] Command:       C:\install\nodejs\node.exe C:\Users\jeele\AppData\Roaming\npm\node_modules\firebase-tools\lib\bin\firebase.js init
[debug] [2023-03-18T14:07:01.084Z] CLI Version:   11.24.1
[debug] [2023-03-18T14:07:01.084Z] Platform:      win32
[debug] [2023-03-18T14:07:01.084Z] Node Version:  v18.15.0
[debug] [2023-03-18T14:07:01.085Z] Time:          Sat Mar 18 2023 10:07:01 GMT-0400 (Eastern Daylight Time)
[debug] [2023-03-18T14:07:01.085Z] ----------------------------------------------------------------------
[debug] 
[debug] [2023-03-18T14:07:01.090Z] > command requires scopes: ["email","openid","https://www.googleapis.com/auth/cloudplatformprojects.readonly","https://www.googleapis.com/auth/firebase","https://www.googleapis.com/auth/cloud-platform"]
[debug] [2023-03-18T14:07:01.091Z] > authorizing via signed-in user (jeeleon@gmail.com)
[info] 
     ######## #### ########  ######## ########     ###     ######  ########
     ##        ##  ##     ## ##       ##     ##  ##   ##  ##       ##
     ######    ##  ########  ######   ########  #########  ######  ######
     ##        ##  ##    ##  ##       ##     ## ##     ##       ## ##
     ##       #### ##     ## ######## ########  ##     ##  ######  ########

You're about to initialize a Firebase project in this directory:

  C:\Users\jeele\OneDrive\DEV\AC website

[info] 
=== Project Setup
[info] 
[info] First, let's associate this project directory with a Firebase project.
[info] You can create multiple project aliases by running firebase use --add, 
[info] but for now we'll just set up a default project.
[info] 
[debug] [2023-03-18T14:07:10.302Z] >>> [apiv2][query] GET https://firebase.googleapis.com/v1beta1/projects pageSize=100
[debug] [2023-03-18T14:07:10.967Z] <<< [apiv2][status] GET https://firebase.googleapis.com/v1beta1/projects 200
[debug] [2023-03-18T14:07:10.967Z] <<< [apiv2][body] GET https://firebase.googleapis.com/v1beta1/projects [omitted]
[info] i  Using project abovecloud-4bffb (abovecloud) 
[info] 
=== Hosting Setup
[info] 
[info] Your public directory is the folder (relative to your project directory) that
[info] will contain Hosting assets to be uploaded with firebase deploy. If you
[info] have a build process for your assets, use your build's output directory.
[info] 
[info] +  Wrote public/404.html 
[debug] [2023-03-18T14:08:11.594Z] >>> [apiv2][query] GET https://www.gstatic.com/firebasejs/releases.json [none]
[debug] [2023-03-18T14:08:11.768Z] <<< [apiv2][status] GET https://www.gstatic.com/firebasejs/releases.json 200
[debug] [2023-03-18T14:08:11.768Z] <<< [apiv2][body] GET https://www.gstatic.com/firebasejs/releases.json {"current":{"version":"9.18.0","browserURL":"https://www.gstatic.com/firebasejs/9.18.0/firebase.js","packageURL":"https://www.gstatic.com/firebasejs/9.18.0/firebase.tgz"},"live":{"version":"9.18","browserURL":"https://www.gstatic.com/firebasejs/live/9.18/firebase.js","packageURL":"https://www.gstatic.com/firebasejs/live/9.18/firebase.tgz"},"components":{"analytics":"https://www.gstatic.com/firebasejs/9.18.0/firebase-analytics.js","app":"https://www.gstatic.com/firebasejs/9.18.0/firebase-app.js","app-check":"https://www.gstatic.com/firebasejs/9.18.0/firebase-app-check.js","auth":"https://www.gstatic.com/firebasejs/9.18.0/firebase-auth.js","auth/cordova":"https://www.gstatic.com/firebasejs/9.18.0/firebase-auth/cordova.js","auth/react-native":"https://www.gstatic.com/firebasejs/9.18.0/firebase-auth/react-native.js","functions":"https://www.gstatic.com/firebasejs/9.18.0/firebase-functions.js","firestore":"https://www.gstatic.com/firebasejs/9.18.0/firebase-firestore.js","firestore/lite":"https://www.gstatic.com/firebasejs/9.18.0/firebase-firestore/lite.js","installations":"https://www.gstatic.com/firebasejs/9.18.0/firebase-installations.js","storage":"https://www.gstatic.com/firebasejs/9.18.0/firebase-storage.js","performance":"https://www.gstatic.com/firebasejs/9.18.0/firebase-performance.js","remote-config":"https://www.gstatic.com/firebasejs/9.18.0/firebase-remote-config.js","messaging":"https://www.gstatic.com/firebasejs/9.18.0/firebase-messaging.js","messaging/sw":"https://www.gstatic.com/firebasejs/9.18.0/firebase-messaging/sw.js","database":"https://www.gstatic.com/firebasejs/9.18.0/firebase-database.js","firestore.memory":"https://www.gstatic.com/firebasejs/9.18.0/firebase-firestore.memory.js"}}
[info] +  Wrote public/index.html 
[info] 
[info] i  Didn't detect a .git folder. Assuming C:\Users\jeele\OneDrive\DEV\AC website is the project root. 
[info] i  Authorizing with GitHub to upload your service account to a GitHub repository's secrets store. 
[info] 
[info] Visit this URL on this device to log in:
[info] https://github.com/login/oauth/authorize?client_id=89cf50f02ac6aaed3484&state=533368836&redirect_uri=http%3A%2F%2Flocalhost%3A9005&scope=read%3Auser%20repo%20public_repo
[info] 
[info] Waiting for authentication...
[debug] [2023-03-18T14:08:26.534Z] >>> [apiv2][query] POST https://github.com/login/oauth/access_token [none]
[debug] [2023-03-18T14:08:26.534Z] >>> [apiv2][body] POST https://github.com/login/oauth/access_token [stream]
[debug] [2023-03-18T14:08:26.826Z] <<< [apiv2][status] POST https://github.com/login/oauth/access_token 200
[debug] [2023-03-18T14:08:26.826Z] <<< [apiv2][body] POST https://github.com/login/oauth/access_token {"access_token":"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","token_type":"bearer","scope":"read:user,repo"}
[debug] [2023-03-18T14:08:26.851Z] >>> [apiv2][query] GET https://api.github.com/user [none]
[debug] [2023-03-18T14:08:27.117Z] <<< [apiv2][status] GET https://api.github.com/user 200
[debug] [2023-03-18T14:08:27.117Z] <<< [apiv2][body] GET https://api.github.com/user {"login":"jeeleon","id":9198281,"node_id":"MDQ6VXNlcjkxOTgyODE=","avatar_url":"https://avatars.githubusercontent.com/u/9198281?v=4","gravatar_id":"","url":"https://api.github.com/users/jeeleon","html_url":"https://github.com/jeeleon","followers_url":"https://api.github.com/users/jeeleon/followers","following_url":"https://api.github.com/users/jeeleon/following{/other_user}","gists_url":"https://api.github.com/users/jeeleon/gists{/gist_id}","starred_url":"https://api.github.com/users/jeeleon/starred{/owner}{/repo}","subscriptions_url":"https://api.github.com/users/jeeleon/subscriptions","organizations_url":"https://api.github.com/users/jeeleon/orgs","repos_url":"https://api.github.com/users/jeeleon/repos","events_url":"https://api.github.com/users/jeeleon/events{/privacy}","received_events_url":"https://api.github.com/users/jeeleon/received_events","type":"User","site_admin":false,"name":null,"company":"Above Cloud Software Inc.","blog":"","location":"Markham","email":null,"hireable":true,"bio":null,"twitter_username":null,"public_repos":5,"public_gists":0,"followers":0,"following":0,"created_at":"2014-10-13T14:32:37Z","updated_at":"2023-03-14T00:05:28Z","private_gists":0,"total_private_repos":15,"owned_private_repos":15,"disk_usage":305344,"collaborators":3,"two_factor_authentication":false,"plan":{"name":"free","space":976562499,"collaborators":0,"private_repos":10000}}
[info] 
[info] +  Success! Logged into GitHub as jeeleon 
[info] 
